<?xml version="1.0" encoding="UTF-8"?>
<!-- Generated by org.testng.reporters.JUnitReportReporter -->
<testsuite skipped="0" hostname="Jyoti-computer" name="util.Browser" tests="1" failures="0" timestamp="2020-09-22T15:13:21 CDT" time="11.336" errors="0">
  <testcase name="launchbrowser" time="11.336" classname="util.Browser"/>
  <system-out/>
</testsuite> <!-- util.Browser -->
